{"C:\\Users\\husky\\Documents\\Cursos\\Nuevo React\\rest_api_node_ts_server\\src\\router.ts": {"path":"C:\\Users\\husky\\Documents\\Cursos\\Nuevo React\\rest_api_node_ts_server\\src\\router.ts","statementMap":{"0":{"start":{"line":1,"column":0},"end":{"line":1,"column":33}},"1":{"start":{"line":2,"column":0},"end":{"line":2,"column":46}},"2":{"start":{"line":3,"column":0},"end":{"line":3,"column":128}},"3":{"start":{"line":4,"column":0},"end":{"line":4,"column":48}},"4":{"start":{"line":7,"column":15},"end":{"line":7,"column":23}},"5":{"start":{"line":10,"column":0},"end":{"line":10,"column":36}},"6":{"start":{"line":12,"column":0},"end":{"line":16,"column":3}},"7":{"start":{"line":18,"column":0},"end":{"line":28,"column":null}},"8":{"start":{"line":25,"column":25},"end":{"line":25,"column":34}},"9":{"start":{"line":30,"column":0},"end":{"line":44,"column":12}},"10":{"start":{"line":38,"column":25},"end":{"line":38,"column":33}},"11":{"start":{"line":46,"column":0},"end":{"line":50,"column":null}},"12":{"start":{"line":52,"column":0},"end":{"line":56,"column":20}},"13":{"start":{"line":58,"column":0},"end":{"line":58,"column":22}}},"fnMap":{"0":{"name":"(anonymous_0)","decl":{"start":{"line":25,"column":16},"end":{"line":25,"column":21}},"loc":{"start":{"line":25,"column":25},"end":{"line":25,"column":34}}},"1":{"name":"(anonymous_1)","decl":{"start":{"line":38,"column":16},"end":{"line":38,"column":21}},"loc":{"start":{"line":38,"column":25},"end":{"line":38,"column":33}}}},"branchMap":{},"s":{"0":2,"1":2,"2":2,"3":2,"4":2,"5":2,"6":2,"7":2,"8":3,"9":2,"10":5,"11":2,"12":2,"13":2},"f":{"0":3,"1":5},"b":{}}
,"C:\\Users\\husky\\Documents\\Cursos\\Nuevo React\\rest_api_node_ts_server\\src\\server.ts": {"path":"C:\\Users\\husky\\Documents\\Cursos\\Nuevo React\\rest_api_node_ts_server\\src\\server.ts","statementMap":{"0":{"start":{"line":7,"column":0},"end":{"line":7,"column":7}},"1":{"start":{"line":1,"column":0},"end":{"line":1,"column":29}},"2":{"start":{"line":2,"column":0},"end":{"line":2,"column":29}},"3":{"start":{"line":3,"column":0},"end":{"line":3,"column":28}},"4":{"start":{"line":4,"column":0},"end":{"line":4,"column":27}},"5":{"start":{"line":8,"column":4},"end":{"line":15,"column":5}},"6":{"start":{"line":9,"column":8},"end":{"line":9,"column":32}},"7":{"start":{"line":10,"column":8},"end":{"line":10,"column":18}},"8":{"start":{"line":14,"column":8},"end":{"line":14,"column":82}},"9":{"start":{"line":18,"column":0},"end":{"line":18,"column":12}},"10":{"start":{"line":20,"column":15},"end":{"line":20,"column":24}},"11":{"start":{"line":21,"column":0},"end":{"line":21,"column":27}},"12":{"start":{"line":22,"column":0},"end":{"line":22,"column":36}},"13":{"start":{"line":24,"column":0},"end":{"line":26,"column":null}},"14":{"start":{"line":25,"column":4},"end":{"line":25,"column":null}},"15":{"start":{"line":28,"column":0},"end":{"line":28,"column":null}}},"fnMap":{"0":{"name":"connectDB","decl":{"start":{"line":7,"column":22},"end":{"line":7,"column":31}},"loc":{"start":{"line":7,"column":31},"end":{"line":16,"column":1}}},"1":{"name":"(anonymous_2)","decl":{"start":{"line":24,"column":19},"end":{"line":24,"column":20}},"loc":{"start":{"line":24,"column":32},"end":{"line":26,"column":1}}}},"branchMap":{},"s":{"0":2,"1":2,"2":2,"3":2,"4":2,"5":3,"6":3,"7":2,"8":1,"9":2,"10":2,"11":2,"12":2,"13":2,"14":1,"15":2},"f":{"0":3,"1":1},"b":{}}
,"C:\\Users\\husky\\Documents\\Cursos\\Nuevo React\\rest_api_node_ts_server\\src\\config\\db.ts": {"path":"C:\\Users\\husky\\Documents\\Cursos\\Nuevo React\\rest_api_node_ts_server\\src\\config\\db.ts","statementMap":{"0":{"start":{"line":1,"column":0},"end":{"line":1,"column":47}},"1":{"start":{"line":2,"column":0},"end":{"line":2,"column":28}},"2":{"start":{"line":4,"column":0},"end":{"line":4,"column":16}},"3":{"start":{"line":6,"column":12},"end":{"line":9,"column":2}},"4":{"start":{"line":10,"column":0},"end":{"line":10,"column":18}}},"fnMap":{},"branchMap":{},"s":{"0":2,"1":2,"2":2,"3":2,"4":2},"f":{},"b":{}}
,"C:\\Users\\husky\\Documents\\Cursos\\Nuevo React\\rest_api_node_ts_server\\src\\handlers\\product.ts": {"path":"C:\\Users\\husky\\Documents\\Cursos\\Nuevo React\\rest_api_node_ts_server\\src\\handlers\\product.ts","statementMap":{"0":{"start":{"line":2,"column":0},"end":{"line":2,"column":46}},"1":{"start":{"line":6,"column":27},"end":{"line":20,"column":1}},"2":{"start":{"line":7,"column":4},"end":{"line":19,"column":5}},"3":{"start":{"line":8,"column":25},"end":{"line":15,"column":10}},"4":{"start":{"line":16,"column":8},"end":{"line":16,"column":35}},"5":{"start":{"line":18,"column":8},"end":{"line":18,"column":27}},"6":{"start":{"line":6,"column":13},"end":{"line":6,"column":27}},"7":{"start":{"line":23,"column":30},"end":{"line":39,"column":1}},"8":{"start":{"line":24,"column":4},"end":{"line":38,"column":5}},"9":{"start":{"line":25,"column":21},"end":{"line":25,"column":31}},"10":{"start":{"line":26,"column":24},"end":{"line":26,"column":50}},"11":{"start":{"line":28,"column":8},"end":{"line":32,"column":9}},"12":{"start":{"line":29,"column":12},"end":{"line":31,"column":null}},"13":{"start":{"line":34,"column":8},"end":{"line":34,"column":36}},"14":{"start":{"line":37,"column":8},"end":{"line":37,"column":null}},"15":{"start":{"line":23,"column":13},"end":{"line":23,"column":30}},"16":{"start":{"line":41,"column":29},"end":{"line":57,"column":1}},"17":{"start":{"line":49,"column":4},"end":{"line":56,"column":5}},"18":{"start":{"line":50,"column":24},"end":{"line":50,"column":54}},"19":{"start":{"line":51,"column":8},"end":{"line":53,"column":null}},"20":{"start":{"line":55,"column":8},"end":{"line":55,"column":null}},"21":{"start":{"line":41,"column":13},"end":{"line":41,"column":29}},"22":{"start":{"line":58,"column":29},"end":{"line":80,"column":1}},"23":{"start":{"line":59,"column":4},"end":{"line":79,"column":5}},"24":{"start":{"line":60,"column":21},"end":{"line":60,"column":31}},"25":{"start":{"line":61,"column":24},"end":{"line":61,"column":50}},"26":{"start":{"line":64,"column":8},"end":{"line":68,"column":9}},"27":{"start":{"line":65,"column":12},"end":{"line":67,"column":null}},"28":{"start":{"line":72,"column":8},"end":{"line":72,"column":39}},"29":{"start":{"line":73,"column":8},"end":{"line":73,"column":29}},"30":{"start":{"line":75,"column":8},"end":{"line":75,"column":36}},"31":{"start":{"line":78,"column":8},"end":{"line":78,"column":null}},"32":{"start":{"line":58,"column":13},"end":{"line":58,"column":29}},"33":{"start":{"line":81,"column":34},"end":{"line":99,"column":1}},"34":{"start":{"line":82,"column":4},"end":{"line":98,"column":5}},"35":{"start":{"line":83,"column":21},"end":{"line":83,"column":31}},"36":{"start":{"line":84,"column":24},"end":{"line":84,"column":50}},"37":{"start":{"line":87,"column":8},"end":{"line":91,"column":9}},"38":{"start":{"line":88,"column":12},"end":{"line":90,"column":null}},"39":{"start":{"line":92,"column":8},"end":{"line":92,"column":64}},"40":{"start":{"line":93,"column":8},"end":{"line":93,"column":29}},"41":{"start":{"line":94,"column":8},"end":{"line":94,"column":36}},"42":{"start":{"line":97,"column":8},"end":{"line":97,"column":null}},"43":{"start":{"line":81,"column":13},"end":{"line":81,"column":34}},"44":{"start":{"line":100,"column":29},"end":{"line":112,"column":1}},"45":{"start":{"line":101,"column":17},"end":{"line":101,"column":27}},"46":{"start":{"line":102,"column":20},"end":{"line":102,"column":46}},"47":{"start":{"line":105,"column":4},"end":{"line":109,"column":5}},"48":{"start":{"line":106,"column":8},"end":{"line":108,"column":null}},"49":{"start":{"line":110,"column":4},"end":{"line":110,"column":28}},"50":{"start":{"line":111,"column":4},"end":{"line":111,"column":null}},"51":{"start":{"line":100,"column":13},"end":{"line":100,"column":29}}},"fnMap":{"0":{"name":"(anonymous_1)","decl":{"start":{"line":6,"column":27},"end":{"line":6,"column":32}},"loc":{"start":{"line":6,"column":65},"end":{"line":20,"column":1}}},"1":{"name":"(anonymous_2)","decl":{"start":{"line":23,"column":30},"end":{"line":23,"column":35}},"loc":{"start":{"line":23,"column":68},"end":{"line":39,"column":1}}},"2":{"name":"(anonymous_3)","decl":{"start":{"line":41,"column":29},"end":{"line":41,"column":34}},"loc":{"start":{"line":41,"column":67},"end":{"line":57,"column":1}}},"3":{"name":"(anonymous_4)","decl":{"start":{"line":58,"column":29},"end":{"line":58,"column":34}},"loc":{"start":{"line":58,"column":67},"end":{"line":80,"column":1}}},"4":{"name":"(anonymous_5)","decl":{"start":{"line":81,"column":34},"end":{"line":81,"column":39}},"loc":{"start":{"line":81,"column":72},"end":{"line":99,"column":1}}},"5":{"name":"(anonymous_6)","decl":{"start":{"line":100,"column":29},"end":{"line":100,"column":34}},"loc":{"start":{"line":100,"column":67},"end":{"line":112,"column":1}}}},"branchMap":{"0":{"loc":{"start":{"line":28,"column":8},"end":{"line":32,"column":9}},"type":"if","locations":[{"start":{"line":28,"column":8},"end":{"line":32,"column":9}}]},"1":{"loc":{"start":{"line":64,"column":8},"end":{"line":68,"column":9}},"type":"if","locations":[{"start":{"line":64,"column":8},"end":{"line":68,"column":9}}]},"2":{"loc":{"start":{"line":87,"column":8},"end":{"line":91,"column":9}},"type":"if","locations":[{"start":{"line":87,"column":8},"end":{"line":91,"column":9}}]},"3":{"loc":{"start":{"line":105,"column":4},"end":{"line":109,"column":5}},"type":"if","locations":[{"start":{"line":105,"column":4},"end":{"line":109,"column":5}}]}},"s":{"0":2,"1":2,"2":2,"3":2,"4":2,"5":0,"6":2,"7":2,"8":2,"9":2,"10":2,"11":2,"12":1,"13":1,"14":0,"15":2,"16":2,"17":1,"18":1,"19":1,"20":0,"21":2,"22":2,"23":2,"24":2,"25":2,"26":2,"27":1,"28":1,"29":1,"30":1,"31":0,"32":2,"33":2,"34":2,"35":2,"36":2,"37":2,"38":1,"39":1,"40":1,"41":1,"42":0,"43":2,"44":2,"45":2,"46":2,"47":2,"48":1,"49":1,"50":1,"51":2},"f":{"0":2,"1":2,"2":1,"3":2,"4":2,"5":2},"b":{"0":[1],"1":[1],"2":[1],"3":[1]}}
,"C:\\Users\\husky\\Documents\\Cursos\\Nuevo React\\rest_api_node_ts_server\\src\\middleware\\index.ts": {"path":"C:\\Users\\husky\\Documents\\Cursos\\Nuevo React\\rest_api_node_ts_server\\src\\middleware\\index.ts","statementMap":{"0":{"start":{"line":2,"column":0},"end":{"line":2,"column":53}},"1":{"start":{"line":3,"column":32},"end":{"line":10,"column":1}},"2":{"start":{"line":5,"column":17},"end":{"line":5,"column":38}},"3":{"start":{"line":6,"column":4},"end":{"line":8,"column":5}},"4":{"start":{"line":7,"column":8},"end":{"line":7,"column":62}},"5":{"start":{"line":9,"column":4},"end":{"line":9,"column":11}},"6":{"start":{"line":3,"column":13},"end":{"line":3,"column":32}}},"fnMap":{"0":{"name":"(anonymous_0)","decl":{"start":{"line":3,"column":32},"end":{"line":3,"column":33}},"loc":{"start":{"line":3,"column":83},"end":{"line":10,"column":1}}}},"branchMap":{"0":{"loc":{"start":{"line":6,"column":4},"end":{"line":8,"column":5}},"type":"if","locations":[{"start":{"line":6,"column":4},"end":{"line":8,"column":5}}]}},"s":{"0":2,"1":2,"2":18,"3":18,"4":7,"5":11,"6":2},"f":{"0":18},"b":{"0":[7]}}
,"C:\\Users\\husky\\Documents\\Cursos\\Nuevo React\\rest_api_node_ts_server\\src\\models\\Product.model.ts": {"path":"C:\\Users\\husky\\Documents\\Cursos\\Nuevo React\\rest_api_node_ts_server\\src\\models\\Product.model.ts","statementMap":{"0":{"start":{"line":1,"column":0},"end":{"line":1,"column":78}},"1":{"start":{"line":5,"column":0},"end":{"line":21,"column":null}},"2":{"start":{"line":9,"column":12},"end":{"line":9,"column":48}},"3":{"start":{"line":14,"column":12},"end":{"line":14,"column":null}},"4":{"start":{"line":20,"column":12},"end":{"line":20,"column":null}},"5":{"start":{"line":5,"column":6},"end":{"line":21,"column":null}},"6":{"start":{"line":23,"column":0},"end":{"line":23,"column":23}}},"fnMap":{},"branchMap":{},"s":{"0":3,"1":3,"2":3,"3":3,"4":3,"5":3,"6":3},"f":{},"b":{}}
}
