TN:
SF:src\router.ts
FN:25,(anonymous_0)
FN:38,(anonymous_1)
FNF:2
FNH:2
FNDA:3,(anonymous_0)
FNDA:5,(anonymous_1)
DA:1,2
DA:2,2
DA:3,2
DA:4,2
DA:7,2
DA:10,2
DA:12,2
DA:18,2
DA:25,3
DA:30,2
DA:38,5
DA:46,2
DA:52,2
DA:58,2
LF:14
LH:14
BRF:0
BRH:0
end_of_record
TN:
SF:src\server.ts
FN:7,connectDB
FN:24,(anonymous_2)
FNF:2
FNH:2
FNDA:3,connectDB
FNDA:1,(anonymous_2)
DA:1,2
DA:2,2
DA:3,2
DA:4,2
DA:7,2
DA:8,3
DA:9,3
DA:10,2
DA:14,1
DA:18,2
DA:20,2
DA:21,2
DA:22,2
DA:24,2
DA:25,1
DA:28,2
LF:16
LH:16
BRF:0
BRH:0
end_of_record
TN:
SF:src\config\db.ts
FNF:0
FNH:0
DA:1,2
DA:2,2
DA:4,2
DA:6,2
DA:10,2
LF:5
LH:5
BRF:0
BRH:0
end_of_record
TN:
SF:src\handlers\product.ts
FN:6,(anonymous_1)
FN:23,(anonymous_2)
FN:41,(anonymous_3)
FN:58,(anonymous_4)
FN:81,(anonymous_5)
FN:100,(anonymous_6)
FNF:6
FNH:6
FNDA:2,(anonymous_1)
FNDA:2,(anonymous_2)
FNDA:1,(anonymous_3)
FNDA:2,(anonymous_4)
FNDA:2,(anonymous_5)
FNDA:2,(anonymous_6)
DA:2,2
DA:6,2
DA:7,2
DA:8,2
DA:16,2
DA:18,0
DA:23,2
DA:24,2
DA:25,2
DA:26,2
DA:28,2
DA:29,1
DA:34,1
DA:37,0
DA:41,2
DA:49,1
DA:50,1
DA:51,1
DA:55,0
DA:58,2
DA:59,2
DA:60,2
DA:61,2
DA:64,2
DA:65,1
DA:72,1
DA:73,1
DA:75,1
DA:78,0
DA:81,2
DA:82,2
DA:83,2
DA:84,2
DA:87,2
DA:88,1
DA:92,1
DA:93,1
DA:94,1
DA:97,0
DA:100,2
DA:101,2
DA:102,2
DA:105,2
DA:106,1
DA:110,1
DA:111,1
LF:46
LH:41
BRDA:28,0,0,1
BRDA:64,1,0,1
BRDA:87,2,0,1
BRDA:105,3,0,1
BRF:4
BRH:4
end_of_record
TN:
SF:src\middleware\index.ts
FN:3,(anonymous_0)
FNF:1
FNH:1
FNDA:18,(anonymous_0)
DA:2,2
DA:3,2
DA:5,18
DA:6,18
DA:7,7
DA:9,11
LF:6
LH:6
BRDA:6,0,0,7
BRF:1
BRH:1
end_of_record
TN:
SF:src\models\Product.model.ts
FNF:0
FNH:0
DA:1,3
DA:5,3
DA:9,3
DA:14,3
DA:20,3
DA:23,3
LF:6
LH:6
BRF:0
BRH:0
end_of_record
